<?xml version="1.0" encoding="UTF-8"?>
<testsuite xmlns:xsi="http://www.w3.org/2001/XMLSchema-instance" xsi:noNamespaceSchemaLocation="https://maven.apache.org/surefire/maven-surefire-plugin/xsd/surefire-test-report.xsd" name="TestSuite" time="51.27" tests="16" errors="0" skipped="0" failures="0">
  <properties>
[...]
</properties>
  <testcase name="runScenario" classname="runner.TestRunner" time="26.149"/>
  <testcase name="runScenario" classname="runner.TestRunner" time="0.399"/>
  <testcase name="runScenario" classname="runner.TestRunner" time="0.182"/>
  <testcase name="runScenario" classname="runner.TestRunner" time="0.141"/>
  <testcase name="runScenario" classname="runner.TestRunner" time="0.666"/>
  <testcase name="runScenario" classname="runner.TestRunner" time="1.277"/>
  <testcase name="runScenario" classname="runner.TestRunner" time="0.187"/>
  <testcase name="runScenario" classname="runner.TestRunner" time="0.216"/>
  <testcase name="runScenario" classname="runner.TestRunner" time="0.323"/>
  <testcase name="runScenario" classname="runner.TestRunner" time="13.329"/>
  <testcase name="runScenario" classname="runner.TestRunner" time="13.344"/>
  <testcase name="runScenario" classname="runner.TestRunner" time="13.854"/>
  <testcase name="runScenario" classname="runner.TestRunner" time="14.404"/>
  <testcase name="runScenario" classname="runner.TestRunner" time="14.468"/>
  <testcase name="runScenario" classname="runner.TestRunner" time="16.316"/>
  <testcase name="runScenario" classname="runner.TestRunner" time="18.845"/>
</testsuite>