<?xml version="1.0" encoding="UTF-8"?>
<testng-results ignored="0" total="16" passed="16" failed="0" skipped="0">
  <reporter-output>
  </reporter-output>
  <suite started-at="2024-07-28T11:06:52 IST" name="Cucumber Parallel Suite" finished-at="2024-07-28T11:07:43 IST" duration-ms="50679">
    <groups>
      <group name="cucumber">
        <method signature="AbstractTestNGCucumberTests.runScenario(io.cucumber.testng.PickleWrapper,io.cucumber.testng.FeatureWrapper)[pri:0, instance:runner.TestRunner@3fb1549b]" name="runScenario" class="io.cucumber.testng.AbstractTestNGCucumberTests"/>
      </group> <!-- cucumber -->
    </groups>
    <test started-at="2024-07-28T11:06:52 IST" name="Cucumber Tests" finished-at="2024-07-28T11:07:43 IST" duration-ms="50679">
      <class name="runner.TestRunner">
        <test-method is-config="true" signature="setUpClass(org.testng.ITestContext)[pri:0, instance:runner.TestRunner@3fb1549b]" started-at="2024-07-28T11:06:52 IST" name="setUpClass" finished-at="2024-07-28T11:06:53 IST" duration-ms="524" status="PASS">
          <params>
            <param index="0">
              <value>
                <![CDATA[org.testng.TestRunner@202b0582]]>
              </value>
            </param>
          </params>
          <reporter-output>
          </reporter-output>
        </test-method> <!-- setUpClass -->
        <test-method signature="runScenario(io.cucumber.testng.PickleWrapper,io.cucumber.testng.FeatureWrapper)[pri:0, instance:runner.TestRunner@3fb1549b]" started-at="2024-07-28T11:06:53 IST" name="runScenario" description="Runs Cucumber Scenarios" data-provider="scenarios" finished-at="2024-07-28T11:07:19 IST" duration-ms="26552" status="PASS">
          <params>
            <param index="0">
              <value>
                <![CDATA["Sucessfully create New Account"]]>
              </value>
            </param>
            <param index="1">
              <value>
                <![CDATA["To check new account creation Functionality"]]>
              </value>
            </param>
          </params>
          <reporter-output>
          </reporter-output>
        </test-method> <!-- runScenario -->
        <test-method signature="runScenario(io.cucumber.testng.PickleWrapper,io.cucumber.testng.FeatureWrapper)[pri:0, instance:runner.TestRunner@3fb1549b]" started-at="2024-07-28T11:06:53 IST" name="runScenario" description="Runs Cucumber Scenarios" data-provider="scenarios" finished-at="2024-07-28T11:07:22 IST" duration-ms="29148" status="PASS">
          <params>
            <param index="0">
              <value>
                <![CDATA["Invalid password"]]>
              </value>
            </param>
            <param index="1">
              <value>
                <![CDATA["To check new account creation Functionality"]]>
              </value>
            </param>
          </params>
          <reporter-output>
          </reporter-output>
        </test-method> <!-- runScenario -->
        <test-method signature="runScenario(io.cucumber.testng.PickleWrapper,io.cucumber.testng.FeatureWrapper)[pri:0, instance:runner.TestRunner@3fb1549b]" started-at="2024-07-28T11:06:53 IST" name="runScenario" description="Runs Cucumber Scenarios" data-provider="scenarios" finished-at="2024-07-28T11:07:20 IST" duration-ms="26738" status="PASS">
          <params>
            <param index="0">
              <value>
                <![CDATA["Invalid EmailId or Blank EmailID Test"]]>
              </value>
            </param>
            <param index="1">
              <value>
                <![CDATA["To check new account creation Functionality"]]>
              </value>
            </param>
          </params>
          <reporter-output>
          </reporter-output>
        </test-method> <!-- runScenario -->
        <test-method signature="runScenario(io.cucumber.testng.PickleWrapper,io.cucumber.testng.FeatureWrapper)[pri:0, instance:runner.TestRunner@3fb1549b]" started-at="2024-07-28T11:06:53 IST" name="runScenario" description="Runs Cucumber Scenarios" data-provider="scenarios" finished-at="2024-07-28T11:07:22 IST" duration-ms="28825" status="PASS">
          <params>
            <param index="0">
              <value>
                <![CDATA["Invalid password ConfirmPass combination"]]>
              </value>
            </param>
            <param index="1">
              <value>
                <![CDATA["To check new account creation Functionality"]]>
              </value>
            </param>
          </params>
          <reporter-output>
          </reporter-output>
        </test-method> <!-- runScenario -->
        <test-method signature="runScenario(io.cucumber.testng.PickleWrapper,io.cucumber.testng.FeatureWrapper)[pri:0, instance:runner.TestRunner@3fb1549b]" started-at="2024-07-28T11:06:53 IST" name="runScenario" description="Runs Cucumber Scenarios" data-provider="scenarios" finished-at="2024-07-28T11:07:22 IST" duration-ms="29012" status="PASS">
          <params>
            <param index="0">
              <value>
                <![CDATA["Invalid password"]]>
              </value>
            </param>
            <param index="1">
              <value>
                <![CDATA["To check new account creation Functionality"]]>
              </value>
            </param>
          </params>
          <reporter-output>
          </reporter-output>
        </test-method> <!-- runScenario -->
        <test-method signature="runScenario(io.cucumber.testng.PickleWrapper,io.cucumber.testng.FeatureWrapper)[pri:0, instance:runner.TestRunner@3fb1549b]" started-at="2024-07-28T11:06:53 IST" name="runScenario" description="Runs Cucumber Scenarios" data-provider="scenarios" finished-at="2024-07-28T11:07:20 IST" duration-ms="27546" status="PASS">
          <params>
            <param index="0">
              <value>
                <![CDATA["Invalid password"]]>
              </value>
            </param>
            <param index="1">
              <value>
                <![CDATA["To check new account creation Functionality"]]>
              </value>
            </param>
          </params>
          <reporter-output>
          </reporter-output>
        </test-method> <!-- runScenario -->
        <test-method signature="runScenario(io.cucumber.testng.PickleWrapper,io.cucumber.testng.FeatureWrapper)[pri:0, instance:runner.TestRunner@3fb1549b]" started-at="2024-07-28T11:06:53 IST" name="runScenario" description="Runs Cucumber Scenarios" data-provider="scenarios" finished-at="2024-07-28T11:07:19 IST" duration-ms="26145" status="PASS">
          <params>
            <param index="0">
              <value>
                <![CDATA["Invalid EmailId or Blank EmailID Test"]]>
              </value>
            </param>
            <param index="1">
              <value>
                <![CDATA["To check new account creation Functionality"]]>
              </value>
            </param>
          </params>
          <reporter-output>
          </reporter-output>
        </test-method> <!-- runScenario -->
        <test-method signature="runScenario(io.cucumber.testng.PickleWrapper,io.cucumber.testng.FeatureWrapper)[pri:0, instance:runner.TestRunner@3fb1549b]" started-at="2024-07-28T11:06:53 IST" name="runScenario" description="Runs Cucumber Scenarios" data-provider="scenarios" finished-at="2024-07-28T11:07:22 IST" duration-ms="29041" status="PASS">
          <params>
            <param index="0">
              <value>
                <![CDATA["Invalid EmailId or Blank EmailID Test"]]>
              </value>
            </param>
            <param index="1">
              <value>
                <![CDATA["To check new account creation Functionality"]]>
              </value>
            </param>
          </params>
          <reporter-output>
          </reporter-output>
        </test-method> <!-- runScenario -->
        <test-method signature="runScenario(io.cucumber.testng.PickleWrapper,io.cucumber.testng.FeatureWrapper)[pri:0, instance:runner.TestRunner@3fb1549b]" started-at="2024-07-28T11:06:53 IST" name="runScenario" description="Runs Cucumber Scenarios" data-provider="scenarios" finished-at="2024-07-28T11:07:20 IST" duration-ms="26880" status="PASS">
          <params>
            <param index="0">
              <value>
                <![CDATA["Invalid EmailId or Blank EmailID Test"]]>
              </value>
            </param>
            <param index="1">
              <value>
                <![CDATA["To check new account creation Functionality"]]>
              </value>
            </param>
          </params>
          <reporter-output>
          </reporter-output>
        </test-method> <!-- runScenario -->
        <test-method signature="runScenario(io.cucumber.testng.PickleWrapper,io.cucumber.testng.FeatureWrapper)[pri:0, instance:runner.TestRunner@3fb1549b]" started-at="2024-07-28T11:06:53 IST" name="runScenario" description="Runs Cucumber Scenarios" data-provider="scenarios" finished-at="2024-07-28T11:07:35 IST" duration-ms="42167" status="PASS">
          <params>
            <param index="0">
              <value>
                <![CDATA["Invalid password"]]>
              </value>
            </param>
            <param index="1">
              <value>
                <![CDATA["To check new account creation Functionality"]]>
              </value>
            </param>
          </params>
          <reporter-output>
          </reporter-output>
        </test-method> <!-- runScenario -->
        <test-method signature="runScenario(io.cucumber.testng.PickleWrapper,io.cucumber.testng.FeatureWrapper)[pri:0, instance:runner.TestRunner@3fb1549b]" started-at="2024-07-28T11:07:19 IST" name="runScenario" description="Runs Cucumber Scenarios" data-provider="scenarios" finished-at="2024-07-28T11:07:35 IST" duration-ms="16525" status="PASS">
          <params>
            <param index="0">
              <value>
                <![CDATA["Invalid password ConfirmPass combination"]]>
              </value>
            </param>
            <param index="1">
              <value>
                <![CDATA["To check new account creation Functionality"]]>
              </value>
            </param>
          </params>
          <reporter-output>
          </reporter-output>
        </test-method> <!-- runScenario -->
        <test-method signature="runScenario(io.cucumber.testng.PickleWrapper,io.cucumber.testng.FeatureWrapper)[pri:0, instance:runner.TestRunner@3fb1549b]" started-at="2024-07-28T11:07:19 IST" name="runScenario" description="Runs Cucumber Scenarios" data-provider="scenarios" finished-at="2024-07-28T11:07:36 IST" duration-ms="16737" status="PASS">
          <params>
            <param index="0">
              <value>
                <![CDATA["Sucessfully All Field Blank"]]>
              </value>
            </param>
            <param index="1">
              <value>
                <![CDATA["To check new account creation Functionality"]]>
              </value>
            </param>
          </params>
          <reporter-output>
          </reporter-output>
        </test-method> <!-- runScenario -->
        <test-method signature="runScenario(io.cucumber.testng.PickleWrapper,io.cucumber.testng.FeatureWrapper)[pri:0, instance:runner.TestRunner@3fb1549b]" started-at="2024-07-28T11:07:20 IST" name="runScenario" description="Runs Cucumber Scenarios" data-provider="scenarios" finished-at="2024-07-28T11:07:40 IST" duration-ms="20931" status="PASS">
          <params>
            <param index="0">
              <value>
                <![CDATA["Sucessfully Login with Valid Credentials"]]>
              </value>
            </param>
            <param index="1">
              <value>
                <![CDATA["To validate signin Page Functionality"]]>
              </value>
            </param>
          </params>
          <reporter-output>
          </reporter-output>
        </test-method> <!-- runScenario -->
        <test-method signature="runScenario(io.cucumber.testng.PickleWrapper,io.cucumber.testng.FeatureWrapper)[pri:0, instance:runner.TestRunner@3fb1549b]" started-at="2024-07-28T11:07:20 IST" name="runScenario" description="Runs Cucumber Scenarios" data-provider="scenarios" finished-at="2024-07-28T11:07:35 IST" duration-ms="15271" status="PASS">
          <params>
            <param index="0">
              <value>
                <![CDATA["Sucessfully Login with Valid Credentials"]]>
              </value>
            </param>
            <param index="1">
              <value>
                <![CDATA["To validate signin Page Functionality"]]>
              </value>
            </param>
          </params>
          <reporter-output>
          </reporter-output>
        </test-method> <!-- runScenario -->
        <test-method signature="runScenario(io.cucumber.testng.PickleWrapper,io.cucumber.testng.FeatureWrapper)[pri:0, instance:runner.TestRunner@3fb1549b]" started-at="2024-07-28T11:07:20 IST" name="runScenario" description="Runs Cucumber Scenarios" data-provider="scenarios" finished-at="2024-07-28T11:07:36 IST" duration-ms="15681" status="PASS">
          <params>
            <param index="0">
              <value>
                <![CDATA["Invalid Email password combination"]]>
              </value>
            </param>
            <param index="1">
              <value>
                <![CDATA["To validate signin Page Functionality"]]>
              </value>
            </param>
          </params>
          <reporter-output>
          </reporter-output>
        </test-method> <!-- runScenario -->
        <test-method signature="runScenario(io.cucumber.testng.PickleWrapper,io.cucumber.testng.FeatureWrapper)[pri:0, instance:runner.TestRunner@3fb1549b]" started-at="2024-07-28T11:07:22 IST" name="runScenario" description="Runs Cucumber Scenarios" data-provider="scenarios" finished-at="2024-07-28T11:07:38 IST" duration-ms="16317" status="PASS">
          <params>
            <param index="0">
              <value>
                <![CDATA["Invalid Email password combination"]]>
              </value>
            </param>
            <param index="1">
              <value>
                <![CDATA["To validate signin Page Functionality"]]>
              </value>
            </param>
          </params>
          <reporter-output>
          </reporter-output>
        </test-method> <!-- runScenario -->
        <test-method is-config="true" signature="tearDownClass()[pri:0, instance:runner.TestRunner@3fb1549b]" started-at="2024-07-28T11:07:40 IST" name="tearDownClass" finished-at="2024-07-28T11:07:43 IST" duration-ms="2446" status="PASS">
          <reporter-output>
          </reporter-output>
        </test-method> <!-- tearDownClass -->
      </class> <!-- runner.TestRunner -->
    </test> <!-- Cucumber Tests -->
  </suite> <!-- Cucumber Parallel Suite -->
</testng-results>
