<?xml version="1.0" encoding="UTF-8" ?>
<testsuite tests="1" failures="1" name="runner.TestRunner" time="15.383" errors="0" skipped="0">
  <properties>
[...]
</properties>
  <testcase classname="runner.TestRunner" name="runScenario" time="15.383">
    <failure message="The step &apos;I will logout of system&apos; is undefined.
You can implement this step using the snippet(s) below:

@Then(&quot;I will logout of system&quot;)
public void i_will_logout_of_system() {
    // Write code here that turns the phrase above into concrete actions
    throw new io.cucumber.java.PendingException();
}
" type="io.cucumber.testng.UndefinedStepException">io.cucumber.testng.UndefinedStepException: The step &apos;I will logout of system&apos; is undefined.
You can implement this step using the snippet(s) below:
@Then(&quot;I will logout of system&quot;)
public void i_will_logout_of_system() {
    // Write code here that turns the phrase above into concrete actions
    throw new io.cucumber.java.PendingException();
}

	at io.cucumber.core.runtime.TestCaseResultObserver.assertTestCasePassed(TestCaseResultObserver.java:69)
	at io.cucumber.testng.TestCaseResultObserver.assertTestCasePassed(TestCaseResultObserver.java:23)
	at io.cucumber.testng.TestNGCucumberRunner.lambda$runScenario$1(TestNGCucumberRunner.java:133)
	at io.cucumber.core.runtime.CucumberExecutionContext.lambda$runTestCase$5(CucumberExecutionContext.java:130)
	at io.cucumber.core.runtime.RethrowingThrowableCollector.executeAndThrow(RethrowingThrowableCollector.java:23)
	at io.cucumber.core.runtime.CucumberExecutionContext.runTestCase(CucumberExecutionContext.java:130)
	at io.cucumber.testng.TestNGCucumberRunner.runScenario(TestNGCucumberRunner.java:129)
	at io.cucumber.testng.AbstractTestNGCucumberTests.runScenario(AbstractTestNGCucumberTests.java:35)
	at java.base/jdk.internal.reflect.NativeMethodAccessorImpl.invoke0(Native Method)
	at java.base/jdk.internal.reflect.NativeMethodAccessorImpl.invoke(NativeMethodAccessorImpl.java:77)
	at java.base/jdk.internal.reflect.DelegatingMethodAccessorImpl.invoke(DelegatingMethodAccessorImpl.java:43)
	at java.base/java.lang.reflect.Method.invoke(Method.java:568)
	at org.testng.internal.invokers.MethodInvocationHelper.invokeMethod(MethodInvocationHelper.java:139)
	at org.testng.internal.invokers.TestInvoker.invokeMethod(TestInvoker.java:677)
	at org.testng.internal.invokers.TestInvoker.invokeTestMethod(TestInvoker.java:221)
	at org.testng.internal.invokers.MethodRunner.runInSequence(MethodRunner.java:50)
	at org.testng.internal.invokers.TestInvoker$MethodInvocationAgent.invoke(TestInvoker.java:969)
	at org.testng.internal.invokers.TestInvoker.invokeTestMethods(TestInvoker.java:194)
	at org.testng.internal.invokers.TestMethodWorker.invokeTestMethods(TestMethodWorker.java:148)
	at org.testng.internal.invokers.TestMethodWorker.run(TestMethodWorker.java:128)
	at java.base/java.util.ArrayList.forEach(ArrayList.java:1511)
	at org.testng.TestRunner.privateRun(TestRunner.java:829)
	at org.testng.TestRunner.run(TestRunner.java:602)
	at org.testng.SuiteRunner.runTest(SuiteRunner.java:437)
	at org.testng.SuiteRunner.runSequentially(SuiteRunner.java:431)
	at org.testng.SuiteRunner.privateRun(SuiteRunner.java:391)
	at org.testng.SuiteRunner.run(SuiteRunner.java:330)
	at org.testng.SuiteRunnerWorker.runSuite(SuiteRunnerWorker.java:52)
	at org.testng.SuiteRunnerWorker.run(SuiteRunnerWorker.java:95)
	at org.testng.TestNG.runSuitesSequentially(TestNG.java:1256)
	at org.testng.TestNG.runSuitesLocally(TestNG.java:1176)
	at org.testng.TestNG.runSuites(TestNG.java:1099)
	at org.testng.TestNG.run(TestNG.java:1067)
	at org.apache.maven.surefire.testng.TestNGExecutor.run(TestNGExecutor.java:77)
	at org.apache.maven.surefire.testng.TestNGDirectoryTestSuite.execute(TestNGDirectoryTestSuite.java:110)
	at org.apache.maven.surefire.testng.TestNGProvider.invoke(TestNGProvider.java:106)
	at java.base/jdk.internal.reflect.NativeMethodAccessorImpl.invoke0(Native Method)
	at java.base/jdk.internal.reflect.NativeMethodAccessorImpl.invoke(NativeMethodAccessorImpl.java:77)
	at java.base/jdk.internal.reflect.DelegatingMethodAccessorImpl.invoke(DelegatingMethodAccessorImpl.java:43)
	at java.base/java.lang.reflect.Method.invoke(Method.java:568)
	at org.apache.maven.surefire.util.ReflectionUtils.invokeMethodWithArray(ReflectionUtils.java:189)
	at org.apache.maven.surefire.booter.ProviderFactory$ProviderProxy.invoke(ProviderFactory.java:165)
	at org.apache.maven.surefire.booter.ProviderFactory.invokeProvider(ProviderFactory.java:85)
	at org.apache.maven.surefire.booter.ForkedBooter.runSuitesInProcess(ForkedBooter.java:115)
	at org.apache.maven.surefire.booter.ForkedBooter.main(ForkedBooter.java:75)
</failure>
    <system-out>Configuring TestNG with: org.apache.maven.surefire.testng.conf.TestNG652Configurator@43738a82

Scenario: Sucessfully create New Account                                                                                                                                                           # src/test/resources/features/newaccountpage.feature:12
  Given I am on the Luma Home page                                                                                                                                                                 # stepdefinations.NewAccountPageStepDef.i_am_on_the_luma_home_page()
  When I able to click on &quot;Create an Account&quot; Link                                                                                                                                                 # stepdefinations.NewAccountPageStepDef.i_able_to_click_on_link(java.lang.String)
  Then I should be redirected to the Create Account page                                                                                                                                           # stepdefinations.NewAccountPageStepDef.i_should_be_redirected_to_the_create_account_page()
  Given I have enterd First Name &quot;Jhon&quot; and last Name &quot;Doe&quot;                                                                                                                                        # stepdefinations.NewAccountPageStepDef.i_have_enterd_first_name_and_last_name(java.lang.String,java.lang.String)
  When I have entered emailId as &quot;Jhom.doe@Test.com&quot;                                                                                                                                               # stepdefinations.NewAccountPageStepDef.i_have_entered_email_id_as(java.lang.String)
  When I enter password as &quot;User@12345&quot;                                                                                                                                                            # stepdefinations.NewAccountPageStepDef.i_enter_password_as(java.lang.String)
  When I enter confirm password as &quot;User@12345&quot;                                                                                                                                                    # stepdefinations.NewAccountPageStepDef.i_enter_confirm_password_as(java.lang.String)
  When I click on the Create an Account button                                                                                                                                                     # stepdefinations.NewAccountPageStepDef.i_click_on_the_create_an_account_button()
condition 1:false
condition 2:true
  Then message &quot;Thank you for registering with Main Website Store.&quot; or message &quot;There is already an account with this email address. If you are sure that it is your email address, &quot; is displayed # stepdefinations.NewAccountPageStepDef.message_or_message_is_displayed(java.lang.String,java.lang.String)
  And I will logout of system
</system-out>
    <system-err>SLF4J: Failed to load class &quot;org.slf4j.impl.StaticLoggerBinder&quot;.
SLF4J: Defaulting to no-operation (NOP) logger implementation
SLF4J: See http://www.slf4j.org/codes.html#StaticLoggerBinder for further details.
Jul 27, 2024 8:30:02 PM org.openqa.selenium.devtools.CdpVersionFinder findNearestMatch
WARNING: Unable to find CDP implementation matching 127
Jul 27, 2024 8:30:02 PM org.openqa.selenium.chromium.ChromiumDriver lambda$new$5
WARNING: Unable to find version of CDP to use for 127.0.6533.72. You may need to include a dependency on a specific version of the CDP using something similar to `org.seleniumhq.selenium:selenium-devtools-v86:4.11.0` where the version (&quot;v86&quot;) matches the version of the chromium-based browser you&apos;re using and the version number of the artifact is the same as Selenium&apos;s.
</system-err>
  </testcase>
</testsuite>